Compiling the CUDA compiler identification source file "CMakeCUDACompilerId.cu" failed.
Compiler: CMAKE_CUDA_COMPILER-NOTFOUND 
Build flags: 
Id flags:  -v;--keep;--keep-dir;tmp

The output was:
No such file or directory


Compiling the CUDA compiler identification source file "CMakeCUDACompilerId.cu" failed.
Compiler: CMAKE_CUDA_COMPILER-NOTFOUND 
Build flags: 
Id flags:  -v;--keep;--keep-dir;tmp

The output was:
No such file or directory


Compiling the CUDA compiler identification source file "CMakeCUDACompilerId.cu" failed.
Compiler: CMAKE_CUDA_COMPILER-NOTFOUND 
Build flags: 
Id flags:  -v;--keep;--keep-dir;tmp

The output was:
No such file or directory


Compiling the CUDA compiler identification source file "CMakeCUDACompilerId.cu" failed.
Compiler: CMAKE_CUDA_COMPILER-NOTFOUND 
Build flags: 
Id flags:  -v;--keep;--keep-dir;tmp

The output was:
No such file or directory


Compiling the CUDA compiler identification source file "CMakeCUDACompilerId.cu" failed.
Compiler: CMAKE_CUDA_COMPILER-NOTFOUND 
Build flags: 
Id flags:  -v;--keep;--keep-dir;tmp

The output was:
No such file or directory


Compiling the CUDA compiler identification source file "CMakeCUDACompilerId.cu" failed.
Compiler: CMAKE_CUDA_COMPILER-NOTFOUND 
Build flags: 
Id flags:  -v;--keep;--keep-dir;tmp

The output was:
No such file or directory


Compiling the CUDA compiler identification source file "CMakeCUDACompilerId.cu" failed.
Compiler: CMAKE_CUDA_COMPILER-NOTFOUND 
Build flags: 
Id flags:  -v;--keep;--keep-dir;tmp

The output was:
No such file or directory


Compiling the CUDA compiler identification source file "CMakeCUDACompilerId.cu" failed.
Compiler: CMAKE_CUDA_COMPILER-NOTFOUND 
Build flags: 
Id flags:  -v;--keep;--keep-dir;tmp

The output was:
No such file or directory


Compiling the CUDA compiler identification source file "CMakeCUDACompilerId.cu" failed.
Compiler: CMAKE_CUDA_COMPILER-NOTFOUND 
Build flags: 
Id flags:  -v;--keep;--keep-dir;tmp

The output was:
No such file or directory


Compiling the CUDA compiler identification source file "CMakeCUDACompilerId.cu" failed.
Compiler: CMAKE_CUDA_COMPILER-NOTFOUND 
Build flags: 
Id flags:  -v;--keep;--keep-dir;tmp

The output was:
No such file or directory


Performing C SOURCE FILE Test CMAKE_HAVE_LIBC_PTHREAD failed with the following output:
Change Dir: /homes/y20wang/TEF_SEH/UEH/minipj/galax_eleves/build/CMakeFiles/CMakeTmp

Run Build Command(s):/bin/make cmTC_1f8f6/fast && make[1] : on entre dans le répertoire « /homes/y20wang/TEF_SEH/UEH/minipj/galax_eleves/build/CMakeFiles/CMakeTmp »
/bin/make -f CMakeFiles/cmTC_1f8f6.dir/build.make CMakeFiles/cmTC_1f8f6.dir/build
make[2] : on entre dans le répertoire « /homes/y20wang/TEF_SEH/UEH/minipj/galax_eleves/build/CMakeFiles/CMakeTmp »
Building C object CMakeFiles/cmTC_1f8f6.dir/src.c.o
/bin/cc   -fPIC -DCMAKE_HAVE_LIBC_PTHREAD   -o CMakeFiles/cmTC_1f8f6.dir/src.c.o   -c /homes/y20wang/TEF_SEH/UEH/minipj/galax_eleves/build/CMakeFiles/CMakeTmp/src.c
Linking C executable cmTC_1f8f6
/usr/bin/cmake -E cmake_link_script CMakeFiles/cmTC_1f8f6.dir/link.txt --verbose=1
/bin/cc -fPIC -DCMAKE_HAVE_LIBC_PTHREAD    CMakeFiles/cmTC_1f8f6.dir/src.c.o  -o cmTC_1f8f6 
/bin/ld : CMakeFiles/cmTC_1f8f6.dir/src.c.o : dans la fonction « main » :
src.c:(.text+0x46) : référence indéfinie vers « pthread_create »
/bin/ld : src.c:(.text+0x52) : référence indéfinie vers « pthread_detach »
/bin/ld : src.c:(.text+0x63) : référence indéfinie vers « pthread_join »
collect2: error: ld returned 1 exit status
make[2]: *** [CMakeFiles/cmTC_1f8f6.dir/build.make:87 : cmTC_1f8f6] Erreur 1
make[2] : on quitte le répertoire « /homes/y20wang/TEF_SEH/UEH/minipj/galax_eleves/build/CMakeFiles/CMakeTmp »
make[1]: *** [Makefile:121 : cmTC_1f8f6/fast] Erreur 2
make[1] : on quitte le répertoire « /homes/y20wang/TEF_SEH/UEH/minipj/galax_eleves/build/CMakeFiles/CMakeTmp »


Source file was:
#include <pthread.h>

void* test_func(void* data)
{
  return data;
}

int main(void)
{
  pthread_t thread;
  pthread_create(&thread, NULL, test_func, NULL);
  pthread_detach(thread);
  pthread_join(thread, NULL);
  pthread_atfork(NULL, NULL, NULL);
  pthread_exit(NULL);

  return 0;
}

Determining if the function pthread_create exists in the pthreads failed with the following output:
Change Dir: /homes/y20wang/TEF_SEH/UEH/minipj/galax_eleves/build/CMakeFiles/CMakeTmp

Run Build Command(s):/bin/make cmTC_11043/fast && make[1] : on entre dans le répertoire « /homes/y20wang/TEF_SEH/UEH/minipj/galax_eleves/build/CMakeFiles/CMakeTmp »
/bin/make -f CMakeFiles/cmTC_11043.dir/build.make CMakeFiles/cmTC_11043.dir/build
make[2] : on entre dans le répertoire « /homes/y20wang/TEF_SEH/UEH/minipj/galax_eleves/build/CMakeFiles/CMakeTmp »
Building C object CMakeFiles/cmTC_11043.dir/CheckFunctionExists.c.o
/bin/cc   -fPIC -DCHECK_FUNCTION_EXISTS=pthread_create   -o CMakeFiles/cmTC_11043.dir/CheckFunctionExists.c.o   -c /usr/share/cmake-3.16/Modules/CheckFunctionExists.c
Linking C executable cmTC_11043
/usr/bin/cmake -E cmake_link_script CMakeFiles/cmTC_11043.dir/link.txt --verbose=1
/bin/cc -fPIC -DCHECK_FUNCTION_EXISTS=pthread_create    CMakeFiles/cmTC_11043.dir/CheckFunctionExists.c.o  -o cmTC_11043  -lpthreads 
/bin/ld : ne peut trouver -lpthreads
collect2: error: ld returned 1 exit status
make[2]: *** [CMakeFiles/cmTC_11043.dir/build.make:87 : cmTC_11043] Erreur 1
make[2] : on quitte le répertoire « /homes/y20wang/TEF_SEH/UEH/minipj/galax_eleves/build/CMakeFiles/CMakeTmp »
make[1]: *** [Makefile:121 : cmTC_11043/fast] Erreur 2
make[1] : on quitte le répertoire « /homes/y20wang/TEF_SEH/UEH/minipj/galax_eleves/build/CMakeFiles/CMakeTmp »



